{
  "numTotalTestSuites": 36,
  "numPassedTestSuites": 36,
  "numFailedTestSuites": 0,
  "numPendingTestSuites": 0,
  "numTotalTests": 80,
  "numPassedTests": 80,
  "numFailedTests": 0,
  "numPendingTests": 0,
  "numTodoTests": 0,
  "startTime": 1688574112380,
  "success": true,
  "testResults": [
    {
      "assertionResults": [
        {
          "ancestorTitles": [
            "",
            "Anchor"
          ],
          "fullName": " Anchor Anchor renders snapshot",
          "status": "passed",
          "title": "Anchor renders snapshot",
          "duration": 11,
          "failureMessages": []
        },
        {
          "ancestorTitles": [
            "",
            "Anchor"
          ],
          "fullName": " Anchor Anchor renders link with correct text and href",
          "status": "passed",
          "title": "Anchor renders link with correct text and href",
          "duration": 2,
          "failureMessages": []
        },
        {
          "ancestorTitles": [
            "",
            "Anchor"
          ],
          "fullName": " Anchor Anchor renders link with target attribute",
          "status": "passed",
          "title": "Anchor renders link with target attribute",
          "duration": 1,
          "failureMessages": []
        },
        {
          "ancestorTitles": [
            "",
            "Anchor"
          ],
          "fullName": " Anchor Anchor renders link with rel attribute",
          "status": "passed",
          "title": "Anchor renders link with rel attribute",
          "duration": 1,
          "failureMessages": []
        },
        {
          "ancestorTitles": [
            "",
            "Anchor"
          ],
          "fullName": " Anchor Anchor renders link with safe area class",
          "status": "passed",
          "title": "Anchor renders link with safe area class",
          "duration": 1,
          "failureMessages": []
        },
        {
          "ancestorTitles": [
            "",
            "Anchor"
          ],
          "fullName": " Anchor Anchor renders link with disabled class",
          "status": "passed",
          "title": "Anchor renders link with disabled class",
          "duration": 1,
          "failureMessages": []
        },
        {
          "ancestorTitles": [
            "",
            "Anchor"
          ],
          "fullName": " Anchor Anchor renders link with custom class",
          "status": "passed",
          "title": "Anchor renders link with custom class",
          "duration": 2,
          "failureMessages": []
        },
        {
          "ancestorTitles": [
            "",
            "Anchor"
          ],
          "fullName": " Anchor Anchor renders link with children",
          "status": "passed",
          "title": "Anchor renders link with children",
          "duration": 2,
          "failureMessages": []
        },
        {
          "ancestorTitles": [
            "",
            "Anchor"
          ],
          "fullName": " Anchor Anchor renders link with a11yText",
          "status": "passed",
          "title": "Anchor renders link with a11yText",
          "duration": 2,
          "failureMessages": []
        }
      ],
      "startTime": 1688574113250,
      "endTime": 1688574113273,
      "status": "passed",
      "message": "",
      "name": "/Users/kairosds/Documents/proyectos-propios/hive/src/components/anchor/test/Anchor.test.tsx"
    },
    {
      "assertionResults": [
        {
          "ancestorTitles": [
            "",
            "Badge"
          ],
          "fullName": " Badge Badge renders snapshot",
          "status": "passed",
          "title": "Badge renders snapshot",
          "duration": 13,
          "failureMessages": []
        },
        {
          "ancestorTitles": [
            "",
            "Badge"
          ],
          "fullName": " Badge Badge renders with correct text",
          "status": "passed",
          "title": "Badge renders with correct text",
          "duration": 2,
          "failureMessages": []
        },
        {
          "ancestorTitles": [
            "",
            "Badge"
          ],
          "fullName": " Badge Badge shortens the text correctly",
          "status": "passed",
          "title": "Badge shortens the text correctly",
          "duration": 2,
          "failureMessages": []
        },
        {
          "ancestorTitles": [
            "",
            "Badge"
          ],
          "fullName": " Badge Badge applies the spot class when prop is set to true",
          "status": "passed",
          "title": "Badge applies the spot class when prop is set to true",
          "duration": 1,
          "failureMessages": []
        },
        {
          "ancestorTitles": [
            "",
            "Badge"
          ],
          "fullName": " Badge Badge applies the spot class when prop is set to true check text a11y",
          "status": "passed",
          "title": "Badge applies the spot class when prop is set to true check text a11y",
          "duration": 1,
          "failureMessages": []
        },
        {
          "ancestorTitles": [
            "",
            "Badge"
          ],
          "fullName": " Badge Badge renders link with custom class",
          "status": "passed",
          "title": "Badge renders link with custom class",
          "duration": 1,
          "failureMessages": []
        }
      ],
      "startTime": 1688574113908,
      "endTime": 1688574113928,
      "status": "passed",
      "message": "",
      "name": "/Users/kairosds/Documents/proyectos-propios/hive/src/components/badge/test/Badge.test.tsx"
    },
    {
      "assertionResults": [
        {
          "ancestorTitles": [
            "",
            "Blockquote"
          ],
          "fullName": " Blockquote Blockquote renders snapshot",
          "status": "passed",
          "title": "Blockquote renders snapshot",
          "duration": 12,
          "failureMessages": []
        },
        {
          "ancestorTitles": [
            "",
            "Blockquote"
          ],
          "fullName": " Blockquote Blockquote renders correctly",
          "status": "passed",
          "title": "Blockquote renders correctly",
          "duration": 1,
          "failureMessages": []
        },
        {
          "ancestorTitles": [
            "",
            "Blockquote"
          ],
          "fullName": " Blockquote Blockquote renders title correctly",
          "status": "passed",
          "title": "Blockquote renders title correctly",
          "duration": 2,
          "failureMessages": []
        },
        {
          "ancestorTitles": [
            "",
            "Blockquote"
          ],
          "fullName": " Blockquote Blockquote renders quote correctly",
          "status": "passed",
          "title": "Blockquote renders quote correctly",
          "duration": 1,
          "failureMessages": []
        },
        {
          "ancestorTitles": [
            "",
            "Blockquote"
          ],
          "fullName": " Blockquote Blockquote renders footer correctly",
          "status": "passed",
          "title": "Blockquote renders footer correctly",
          "duration": 1,
          "failureMessages": []
        },
        {
          "ancestorTitles": [
            "",
            "Blockquote"
          ],
          "fullName": " Blockquote Blockquote renders with a custom class",
          "status": "passed",
          "title": "Blockquote renders with a custom class",
          "duration": 2,
          "failureMessages": []
        }
      ],
      "startTime": 1688574113250,
      "endTime": 1688574113270,
      "status": "passed",
      "message": "",
      "name": "/Users/kairosds/Documents/proyectos-propios/hive/src/components/blockquote/test/Blockquote.test.tsx"
    },
    {
      "assertionResults": [
        {
          "ancestorTitles": [
            "",
            "Button"
          ],
          "fullName": " Button Button renders snapshot",
          "status": "passed",
          "title": "Button renders snapshot",
          "duration": 27,
          "failureMessages": []
        },
        {
          "ancestorTitles": [
            "",
            "Button"
          ],
          "fullName": " Button Button renders correctly",
          "status": "passed",
          "title": "Button renders correctly",
          "duration": 2,
          "failureMessages": []
        },
        {
          "ancestorTitles": [
            "",
            "Button"
          ],
          "fullName": " Button Button renders text correctly",
          "status": "passed",
          "title": "Button renders text correctly",
          "duration": 4,
          "failureMessages": []
        },
        {
          "ancestorTitles": [
            "",
            "Button"
          ],
          "fullName": " Button Button renders icon correctly",
          "status": "passed",
          "title": "Button renders icon correctly",
          "duration": 2,
          "failureMessages": []
        },
        {
          "ancestorTitles": [
            "",
            "Button"
          ],
          "fullName": " Button Button renders kind link correctly",
          "status": "passed",
          "title": "Button renders kind link correctly",
          "duration": 1,
          "failureMessages": []
        },
        {
          "ancestorTitles": [
            "",
            "Button"
          ],
          "fullName": " Button Button onClick",
          "status": "passed",
          "title": "Button onClick",
          "duration": 3,
          "failureMessages": []
        }
      ],
      "startTime": 1688574113263,
      "endTime": 1688574113302,
      "status": "passed",
      "message": "",
      "name": "/Users/kairosds/Documents/proyectos-propios/hive/src/components/button/test/Button.test.tsx"
    },
    {
      "assertionResults": [
        {
          "ancestorTitles": [
            "",
            "Checkbox"
          ],
          "fullName": " Checkbox Checkbox renders snapshot",
          "status": "passed",
          "title": "Checkbox renders snapshot",
          "duration": 21,
          "failureMessages": []
        },
        {
          "ancestorTitles": [
            "",
            "Checkbox"
          ],
          "fullName": " Checkbox Checkbox renders with the correct label",
          "status": "passed",
          "title": "Checkbox renders with the correct label",
          "duration": 3,
          "failureMessages": []
        },
        {
          "ancestorTitles": [
            "",
            "Checkbox"
          ],
          "fullName": " Checkbox Checkbox calls onChecked handler when clicked",
          "status": "passed",
          "title": "Checkbox calls onChecked handler when clicked",
          "duration": 2,
          "failureMessages": []
        },
        {
          "ancestorTitles": [
            "",
            "Checkbox"
          ],
          "fullName": " Checkbox Checkbox calls onChecked handler when clicked",
          "status": "passed",
          "title": "Checkbox calls onChecked handler when clicked",
          "duration": 4,
          "failureMessages": []
        }
      ],
      "startTime": 1688574113263,
      "endTime": 1688574113293,
      "status": "passed",
      "message": "",
      "name": "/Users/kairosds/Documents/proyectos-propios/hive/src/components/checkbox/test/Checkbox.test.tsx"
    },
    {
      "assertionResults": [
        {
          "ancestorTitles": [
            "",
            "Fieldset"
          ],
          "fullName": " Fieldset Fieldset renders snapshot",
          "status": "passed",
          "title": "Fieldset renders snapshot",
          "duration": 11,
          "failureMessages": []
        },
        {
          "ancestorTitles": [
            "",
            "Fieldset"
          ],
          "fullName": " Fieldset Fieldset renders fieldset with correctly",
          "status": "passed",
          "title": "Fieldset renders fieldset with correctly",
          "duration": 2,
          "failureMessages": []
        },
        {
          "ancestorTitles": [
            "",
            "Fieldset"
          ],
          "fullName": " Fieldset Fieldset renders legend with correctly",
          "status": "passed",
          "title": "Fieldset renders legend with correctly",
          "duration": 1,
          "failureMessages": []
        },
        {
          "ancestorTitles": [
            "",
            "Fieldset"
          ],
          "fullName": " Fieldset Fieldset renders with a custom class",
          "status": "passed",
          "title": "Fieldset renders with a custom class",
          "duration": 0,
          "failureMessages": []
        },
        {
          "ancestorTitles": [
            "",
            "Fieldset"
          ],
          "fullName": " Fieldset Fieldset renders legend hidden",
          "status": "passed",
          "title": "Fieldset renders legend hidden",
          "duration": 2,
          "failureMessages": []
        }
      ],
      "startTime": 1688574113924,
      "endTime": 1688574113940,
      "status": "passed",
      "message": "",
      "name": "/Users/kairosds/Documents/proyectos-propios/hive/src/components/fieldset/test/Fieldset.test.tsx"
    },
    {
      "assertionResults": [
        {
          "ancestorTitles": [
            "",
            "Icon"
          ],
          "fullName": " Icon Icon renders snapshot",
          "status": "passed",
          "title": "Icon renders snapshot",
          "duration": 18,
          "failureMessages": []
        },
        {
          "ancestorTitles": [
            "",
            "Icon"
          ],
          "fullName": " Icon Icon renders correctly",
          "status": "passed",
          "title": "Icon renders correctly",
          "duration": 2,
          "failureMessages": []
        },
        {
          "ancestorTitles": [
            "",
            "Icon"
          ],
          "fullName": " Icon Icon renders correctly viewBox",
          "status": "passed",
          "title": "Icon renders correctly viewBox",
          "duration": 1,
          "failureMessages": []
        },
        {
          "ancestorTitles": [
            "",
            "Icon"
          ],
          "fullName": " Icon Icon renders correctly svg title",
          "status": "passed",
          "title": "Icon renders correctly svg title",
          "duration": 1,
          "failureMessages": []
        },
        {
          "ancestorTitles": [
            "",
            "Icon"
          ],
          "fullName": " Icon Icon renders with a custom class",
          "status": "passed",
          "title": "Icon renders with a custom class",
          "duration": 1,
          "failureMessages": []
        }
      ],
      "startTime": 1688574113875,
      "endTime": 1688574113898,
      "status": "passed",
      "message": "",
      "name": "/Users/kairosds/Documents/proyectos-propios/hive/src/components/icon/test/Icon.test.tsx"
    },
    {
      "assertionResults": [
        {
          "ancestorTitles": [
            "",
            "Inputfield"
          ],
          "fullName": " Inputfield Inputfield renders snapshot",
          "status": "passed",
          "title": "Inputfield renders snapshot",
          "duration": 12,
          "failureMessages": []
        }
      ],
      "startTime": 1688574114343,
      "endTime": 1688574114355,
      "status": "passed",
      "message": "",
      "name": "/Users/kairosds/Documents/proyectos-propios/hive/src/components/inputfield/test/Inputfield.test.tsx"
    },
    {
      "assertionResults": [
        {
          "ancestorTitles": [
            "",
            "Image"
          ],
          "fullName": " Image Image renders snapshot",
          "status": "passed",
          "title": "Image renders snapshot",
          "duration": 11,
          "failureMessages": []
        },
        {
          "ancestorTitles": [
            "",
            "Image"
          ],
          "fullName": " Image Image renders correctly",
          "status": "passed",
          "title": "Image renders correctly",
          "duration": 3,
          "failureMessages": []
        },
        {
          "ancestorTitles": [
            "",
            "Image"
          ],
          "fullName": " Image Image renders correctly with imgSet",
          "status": "passed",
          "title": "Image renders correctly with imgSet",
          "duration": 0,
          "failureMessages": []
        },
        {
          "ancestorTitles": [
            "",
            "Image"
          ],
          "fullName": " Image Image renders correctly className",
          "status": "passed",
          "title": "Image renders correctly className",
          "duration": 2,
          "failureMessages": []
        },
        {
          "ancestorTitles": [
            "",
            "Image"
          ],
          "fullName": " Image Image renders correctly disabled",
          "status": "passed",
          "title": "Image renders correctly disabled",
          "duration": 1,
          "failureMessages": []
        }
      ],
      "startTime": 1688574113919,
      "endTime": 1688574113936,
      "status": "passed",
      "message": "",
      "name": "/Users/kairosds/Documents/proyectos-propios/hive/src/components/image/test/Image.test.tsx"
    },
    {
      "assertionResults": [
        {
          "ancestorTitles": [
            "",
            "Inputselect"
          ],
          "fullName": " Inputselect Inputselect renders snapshot",
          "status": "passed",
          "title": "Inputselect renders snapshot",
          "duration": 28,
          "failureMessages": []
        },
        {
          "ancestorTitles": [
            "",
            "Inputselect"
          ],
          "fullName": " Inputselect Inputselect renders snapshot with group options",
          "status": "passed",
          "title": "Inputselect renders snapshot with group options",
          "duration": 2,
          "failureMessages": []
        }
      ],
      "startTime": 1688574113279,
      "endTime": 1688574113309,
      "status": "passed",
      "message": "",
      "name": "/Users/kairosds/Documents/proyectos-propios/hive/src/components/inputselect/test/Inputselect.test.tsx"
    },
    {
      "assertionResults": [
        {
          "ancestorTitles": [
            "",
            "Label"
          ],
          "fullName": " Label Label renders snapshot",
          "status": "passed",
          "title": "Label renders snapshot",
          "duration": 11,
          "failureMessages": []
        },
        {
          "ancestorTitles": [
            "",
            "Label"
          ],
          "fullName": " Label Label renders with the correct tag name: label",
          "status": "passed",
          "title": "Label renders with the correct tag name: label",
          "duration": 2,
          "failureMessages": []
        },
        {
          "ancestorTitles": [
            "",
            "Label"
          ],
          "fullName": " Label Label renders with the correct tag name: span",
          "status": "passed",
          "title": "Label renders with the correct tag name: span",
          "duration": 1,
          "failureMessages": []
        }
      ],
      "startTime": 1688574114317,
      "endTime": 1688574114331,
      "status": "passed",
      "message": "",
      "name": "/Users/kairosds/Documents/proyectos-propios/hive/src/components/label/test/Label.test.tsx"
    },
    {
      "assertionResults": [
        {
          "ancestorTitles": [
            "",
            "List"
          ],
          "fullName": " List List renders an unordered list by default",
          "status": "passed",
          "title": "List renders an unordered list by default",
          "duration": 19,
          "failureMessages": []
        },
        {
          "ancestorTitles": [
            "",
            "List"
          ],
          "fullName": " List List renders an ordered list when `ordered` prop is true",
          "status": "passed",
          "title": "List renders an ordered list when `ordered` prop is true",
          "duration": 1,
          "failureMessages": []
        },
        {
          "ancestorTitles": [
            "",
            "List"
          ],
          "fullName": " List List renders the list items",
          "status": "passed",
          "title": "List renders the list items",
          "duration": 2,
          "failureMessages": []
        },
        {
          "ancestorTitles": [
            "",
            "List"
          ],
          "fullName": " List List renders with a custom bullet style",
          "status": "passed",
          "title": "List renders with a custom bullet style",
          "duration": 1,
          "failureMessages": []
        },
        {
          "ancestorTitles": [
            "",
            "List"
          ],
          "fullName": " List List renders with a custom class",
          "status": "passed",
          "title": "List renders with a custom class",
          "duration": 2,
          "failureMessages": []
        }
      ],
      "startTime": 1688574113920,
      "endTime": 1688574113945,
      "status": "passed",
      "message": "",
      "name": "/Users/kairosds/Documents/proyectos-propios/hive/src/components/list/test/List.test.tsx"
    },
    {
      "assertionResults": [
        {
          "ancestorTitles": [
            "",
            "Paragraph"
          ],
          "fullName": " Paragraph Paragraph renders snapshot",
          "status": "passed",
          "title": "Paragraph renders snapshot",
          "duration": 11,
          "failureMessages": []
        },
        {
          "ancestorTitles": [
            "",
            "Paragraph"
          ],
          "fullName": " Paragraph Paragraph renders content composition",
          "status": "passed",
          "title": "Paragraph renders content composition",
          "duration": 12,
          "failureMessages": []
        }
      ],
      "startTime": 1688574113250,
      "endTime": 1688574113273,
      "status": "passed",
      "message": "",
      "name": "/Users/kairosds/Documents/proyectos-propios/hive/src/components/paragraph/test/Paragraph.test.tsx"
    },
    {
      "assertionResults": [
        {
          "ancestorTitles": [
            "",
            "InputRadio"
          ],
          "fullName": " InputRadio InputRadio renders snapshot",
          "status": "passed",
          "title": "InputRadio renders snapshot",
          "duration": 15,
          "failureMessages": []
        },
        {
          "ancestorTitles": [
            "",
            "InputRadio"
          ],
          "fullName": " InputRadio InputRadio renders with the correct label",
          "status": "passed",
          "title": "InputRadio renders with the correct label",
          "duration": 2,
          "failureMessages": []
        },
        {
          "ancestorTitles": [
            "",
            "InputRadio"
          ],
          "fullName": " InputRadio InputRadio renders with the correct value",
          "status": "passed",
          "title": "InputRadio renders with the correct value",
          "duration": 1,
          "failureMessages": []
        },
        {
          "ancestorTitles": [
            "",
            "InputRadio"
          ],
          "fullName": " InputRadio InputRadio calls onChange handler when clicked",
          "status": "passed",
          "title": "InputRadio calls onChange handler when clicked",
          "duration": 2,
          "failureMessages": []
        },
        {
          "ancestorTitles": [
            "",
            "InputRadio"
          ],
          "fullName": " InputRadio InputRadio calls onChange handler when clicked",
          "status": "passed",
          "title": "InputRadio calls onChange handler when clicked",
          "duration": 1,
          "failureMessages": []
        }
      ],
      "startTime": 1688574113257,
      "endTime": 1688574113278,
      "status": "passed",
      "message": "",
      "name": "/Users/kairosds/Documents/proyectos-propios/hive/src/components/radio/test/Radio.test.tsx"
    },
    {
      "assertionResults": [
        {
          "ancestorTitles": [
            "",
            "Text"
          ],
          "fullName": " Text Text renders snapshot",
          "status": "passed",
          "title": "Text renders snapshot",
          "duration": 14,
          "failureMessages": []
        },
        {
          "ancestorTitles": [
            "",
            "Text"
          ],
          "fullName": " Text Text renders with the correct tag name",
          "status": "passed",
          "title": "Text renders with the correct tag name",
          "duration": 2,
          "failureMessages": []
        },
        {
          "ancestorTitles": [
            "",
            "Text"
          ],
          "fullName": " Text Text renders with the correct text",
          "status": "passed",
          "title": "Text renders with the correct text",
          "duration": 1,
          "failureMessages": []
        },
        {
          "ancestorTitles": [
            "",
            "Text"
          ],
          "fullName": " Text Text renders with the correct extra className",
          "status": "passed",
          "title": "Text renders with the correct extra className",
          "duration": 1,
          "failureMessages": []
        },
        {
          "ancestorTitles": [
            "",
            "Text"
          ],
          "fullName": " Text Text renders as a block element",
          "status": "passed",
          "title": "Text renders as a block element",
          "duration": 1,
          "failureMessages": []
        }
      ],
      "startTime": 1688574113913,
      "endTime": 1688574113932,
      "status": "passed",
      "message": "",
      "name": "/Users/kairosds/Documents/proyectos-propios/hive/src/components/text/test/Text.test.tsx"
    },
    {
      "assertionResults": [
        {
          "ancestorTitles": [
            "",
            "Textarea"
          ],
          "fullName": " Textarea Textarea renders snapshot",
          "status": "passed",
          "title": "Textarea renders snapshot",
          "duration": 11,
          "failureMessages": []
        }
      ],
      "startTime": 1688574114352,
      "endTime": 1688574114363,
      "status": "passed",
      "message": "",
      "name": "/Users/kairosds/Documents/proyectos-propios/hive/src/components/textarea/test/Textarea.test.tsx"
    },
    {
      "assertionResults": [
        {
          "ancestorTitles": [
            "",
            "Title"
          ],
          "fullName": " Title Title renders snapshot",
          "status": "passed",
          "title": "Title renders snapshot",
          "duration": 12,
          "failureMessages": []
        },
        {
          "ancestorTitles": [
            "",
            "Title"
          ],
          "fullName": " Title Title renders with the correct tag name",
          "status": "passed",
          "title": "Title renders with the correct tag name",
          "duration": 4,
          "failureMessages": []
        },
        {
          "ancestorTitles": [
            "",
            "Title"
          ],
          "fullName": " Title Title renders with the correct tag name when level is 0",
          "status": "passed",
          "title": "Title renders with the correct tag name when level is 0",
          "duration": 3,
          "failureMessages": []
        },
        {
          "ancestorTitles": [
            "",
            "Title"
          ],
          "fullName": " Title Title renders with the correct tag name when level is out range",
          "status": "passed",
          "title": "Title renders with the correct tag name when level is out range",
          "duration": 2,
          "failureMessages": []
        },
        {
          "ancestorTitles": [
            "",
            "Title"
          ],
          "fullName": " Title Title renders with the correct text",
          "status": "passed",
          "title": "Title renders with the correct text",
          "duration": 2,
          "failureMessages": []
        },
        {
          "ancestorTitles": [
            "",
            "Title"
          ],
          "fullName": " Title Title renders with the correct extra class name",
          "status": "passed",
          "title": "Title renders with the correct extra class name",
          "duration": 1,
          "failureMessages": []
        },
        {
          "ancestorTitles": [
            "",
            "Title"
          ],
          "fullName": " Title Title renders with the correct size",
          "status": "passed",
          "title": "Title renders with the correct size",
          "duration": 0,
          "failureMessages": []
        },
        {
          "ancestorTitles": [
            "",
            "Title"
          ],
          "fullName": " Title Title renders with the correct ellipsis",
          "status": "passed",
          "title": "Title renders with the correct ellipsis",
          "duration": 1,
          "failureMessages": []
        },
        {
          "ancestorTitles": [
            "",
            "Title"
          ],
          "fullName": " Title Title renders with the correct text length to a11y",
          "status": "passed",
          "title": "Title renders with the correct text length to a11y",
          "duration": 0,
          "failureMessages": []
        }
      ],
      "startTime": 1688574113907,
      "endTime": 1688574113932,
      "status": "passed",
      "message": "",
      "name": "/Users/kairosds/Documents/proyectos-propios/hive/src/components/title/test/Title.test.tsx"
    },
    {
      "assertionResults": [
        {
          "ancestorTitles": [
            "",
            "ValidationMessage"
          ],
          "fullName": " ValidationMessage ValidationMessage renders snapshot",
          "status": "passed",
          "title": "ValidationMessage renders snapshot",
          "duration": 14,
          "failureMessages": []
        }
      ],
      "startTime": 1688574114330,
      "endTime": 1688574114344,
      "status": "passed",
      "message": "",
      "name": "/Users/kairosds/Documents/proyectos-propios/hive/src/components/validationmessage/test/ValidationMessage.test.tsx"
    }
  ]
}